<?xml version="1.0" encoding="UTF-8"?>
<testsuite xmlns:xsi="http://www.w3.org/2001/XMLSchema-instance" xsi:noNamespaceSchemaLocation="https://maven.apache.org/surefire/maven-surefire-plugin/xsd/surefire-test-report-3.0.xsd" version="3.0" name="TestSuite" time="1.218" tests="6" errors="0" skipped="0" failures="1">
  <properties>
[...]
</properties>
  <testcase name="closeUser" classname="packageThree.PackageThree_ClassOne" time="0.004">
    <system-out><![CDATA[********************************************
Test started : closeUser
package Three - class 1- closeUser -3
Test Success : closeUser
********************************************
]]></system-out>
  </testcase>
  <testcase name="login" classname="packageTwo.PackageTwo_ClassTwo" time="0.005">
    <failure message="expected object to not be null" type="java.lang.AssertionError"><![CDATA[java.lang.AssertionError: expected object to not be null
	at org.testng.Assert.fail(Assert.java:94)
	at org.testng.Assert.assertNotNull(Assert.java:406)
	at org.testng.Assert.assertNotNull(Assert.java:391)
	at packageTwo.PackageTwo_ClassTwo.login(PackageTwo_ClassTwo.java:15)
	at java.base/jdk.internal.reflect.NativeMethodAccessorImpl.invoke0(Native Method)
	at java.base/jdk.internal.reflect.NativeMethodAccessorImpl.invoke(NativeMethodAccessorImpl.java:62)
	at java.base/jdk.internal.reflect.DelegatingMethodAccessorImpl.invoke(DelegatingMethodAccessorImpl.java:43)
	at java.base/java.lang.reflect.Method.invoke(Method.java:566)
	at org.testng.internal.MethodInvocationHelper.invokeMethod(MethodInvocationHelper.java:85)
	at org.testng.internal.Invoker.invokeMethod(Invoker.java:639)
	at org.testng.internal.Invoker.invokeTestMethod(Invoker.java:816)
	at org.testng.internal.Invoker.invokeTestMethods(Invoker.java:1124)
	at org.testng.internal.TestMethodWorker.invokeTestMethods(TestMethodWorker.java:125)
	at org.testng.internal.TestMethodWorker.run(TestMethodWorker.java:108)
	at org.testng.TestRunner.privateRun(TestRunner.java:774)
	at org.testng.TestRunner.run(TestRunner.java:624)
	at org.testng.SuiteRunner.runTest(SuiteRunner.java:359)
	at org.testng.SuiteRunner.runSequentially(SuiteRunner.java:354)
	at org.testng.SuiteRunner.privateRun(SuiteRunner.java:312)
	at org.testng.SuiteRunner.run(SuiteRunner.java:261)
	at org.testng.SuiteRunnerWorker.runSuite(SuiteRunnerWorker.java:52)
	at org.testng.SuiteRunnerWorker.run(SuiteRunnerWorker.java:86)
	at org.testng.TestNG.runSuitesSequentially(TestNG.java:1191)
	at org.testng.TestNG.runSuitesSequentially(TestNG.java:1187)
	at org.testng.TestNG.runSuitesLocally(TestNG.java:1116)
	at org.testng.TestNG.run(TestNG.java:1024)
	at org.apache.maven.surefire.testng.TestNGExecutor.run(TestNGExecutor.java:324)
	at org.apache.maven.surefire.testng.TestNGXmlTestSuite.execute(TestNGXmlTestSuite.java:74)
	at org.apache.maven.surefire.testng.TestNGProvider.invoke(TestNGProvider.java:123)
	at org.apache.maven.surefire.booter.ForkedBooter.runSuitesInProcess(ForkedBooter.java:456)
	at org.apache.maven.surefire.booter.ForkedBooter.execute(ForkedBooter.java:169)
	at org.apache.maven.surefire.booter.ForkedBooter.run(ForkedBooter.java:595)
	at org.apache.maven.surefire.booter.ForkedBooter.main(ForkedBooter.java:581)
]]></failure>
    <system-out><![CDATA[********************************************
Test started : login
Test failed -- : login
********************************************
]]></system-out>
  </testcase>
  <testcase name="methonTwo" classname="packageTwo.PackageTwo_ClassTwo" time="0">
    <system-out><![CDATA[********************************************
Test started : methonTwo
package Two - class 2- method -2
Test Success : methonTwo
********************************************
]]></system-out>
  </testcase>
  <testcase name="methonThree" classname="packageTwo.PackageTwo_ClassTwo" time="0">
    <system-out><![CDATA[********************************************
Test started : methonThree
package Two - class 2- method -3
Test Success : methonThree
********************************************
]]></system-out>
  </testcase>
  <testcase name="methonFour" classname="packageTwo.PackageTwo_ClassTwo" time="0">
    <system-out><![CDATA[********************************************
Test started : methonFour
package Two - class 2- method -4
Test Success : methonFour
********************************************
]]></system-out>
  </testcase>
  <testcase name="methonFive" classname="packageTwo.PackageTwo_ClassTwo" time="0">
    <system-out><![CDATA[********************************************
Test started : methonFive
package Two - class 2- method -5
Test Success : methonFive
********************************************
]]></system-out>
  </testcase>
</testsuite>