<?xml version="1.0" encoding="UTF-8"?>
<!-- Generated by org.testng.reporters.JUnitXMLReporter -->
<testsuite hostname="PITTALA-DEV-L" failures="0" tests="14" name="Test" time="0.035" errors="0" timestamp="27 May 2022 14:52:53 GMT">
  <testcase classname="packageFour.PackageFour_ClassOne" name="methonFive" time="0.003"/>
  <testcase classname="packageFour.PackageFour_ClassOne" name="methonFour" time="0.001"/>
  <testcase classname="packageFour.PackageFour_ClassOne" name="methonTwo" time="0.0"/>
  <testcase classname="packageOne.PackageOne_ClassFour" name="ClassThreemethon12" time="0.0"/>
  <testcase classname="packageThree.PackageThree_ClassOne" name="deleteProfile" time="0.0"/>
  <testcase classname="packageThree.PackageThree_ClassOne" name="deleteUser" time="0.001"/>
  <testcase classname="packageThree.PackageThree_ClassOne" name="login" time="0.001"/>
  <testcase classname="packageThree.PackageThree_ClassOne" name="login" time="0.001"/>
  <testcase classname="packageThree.PackageThree_ClassOne" name="login" time="0.001"/>
  <testcase classname="packageThree.PackageThree_ClassOne" name="login" time="0.002"/>
  <testcase classname="packageTwo.PackageTwo_ClassOne" name="methonThree" time="0.001"/>
  <testcase classname="packageTwo.PackageTwo_ClassOne" name="methonTwo" time="0.001"/>
  <testcase classname="packageOne.PackageOne_ClassThree" name="ClassThreemethonFour" time="0.0"/>
  <testcase classname="packageOne.PackageOne_ClassThree" name="ClassThreemethonOne" time="0.0"/>
</testsuite> <!-- Test -->
