<?xml version="1.0" encoding="UTF-8"?>
<!-- Generated by org.testng.reporters.JUnitXMLReporter -->
<testsuite hostname="PITTALA-DEV-L" failures="0" tests="5" name="test2" time="30.086" errors="0" timestamp="27 May 2022 15:35:47 GMT">
  <testcase classname="packageTwo.PackageTwo_ClassTwo" name="methonFive" time="5.021"/>
  <testcase classname="packageTwo.PackageTwo_ClassTwo" name="methonFour" time="5.006"/>
  <testcase classname="packageTwo.PackageTwo_ClassTwo" name="methonOne" time="5.016"/>
  <testcase classname="packageTwo.PackageTwo_ClassTwo" name="methonThree" time="5.017"/>
  <testcase classname="packageTwo.PackageTwo_ClassTwo" name="methonTwo" time="10.003"/>
</testsuite> <!-- test2 -->
