<?xml version="1.0" encoding="UTF-8"?>
<!-- Generated by org.testng.reporters.JUnitXMLReporter -->
<testsuite hostname="PITTALA-DEV-L" failures="0" tests="5" name="test1" time="0.031" errors="0" timestamp="28 May 2022 06:28:28 GMT">
  <testcase classname="packageTwo.PackageTwo_ClassTwo" name="methonFour" time="0.012"/>
  <testcase classname="packageTwo.PackageTwo_ClassTwo" name="methonThree" time="0.001"/>
  <testcase classname="packageTwo.PackageTwo_ClassTwo" name="methonTwo" time="0.001"/>
  <testcase classname="packageTwo.PackageTwo_ClassTwo" name="methonFive" time="0.001"/>
  <testcase classname="packageTwo.PackageTwo_ClassTwo" name="methonOne" time="0.001"/>
</testsuite> <!-- test1 -->
