<?xml version="1.0" encoding="UTF-8"?>
<!-- Generated by org.testng.reporters.JUnitXMLReporter -->
<testsuite hostname="PITTALA-DEV-L" failures="1" tests="5" name="Test" time="0.024" errors="0" timestamp="28 May 2022 08:50:05 GMT">
  <testcase classname="packageTwo.PackageTwo_ClassTwo" name="login" time="0.009">
    <failure type="java.lang.AssertionError" message="expected object to not be null">
      <![CDATA[java.lang.AssertionError: expected object to not be null
	at packageTwo.PackageTwo_ClassTwo.login(PackageTwo_ClassTwo.java:15)
... Removed 27 stack frames]]>
    </failure>
  </testcase> <!-- login -->
  <testcase classname="packageTwo.PackageTwo_ClassTwo" name="methonTwo" time="0.001"/>
  <testcase classname="packageTwo.PackageTwo_ClassTwo" name="methonThree" time="0.001"/>
  <testcase classname="packageTwo.PackageTwo_ClassTwo" name="methonFour" time="0.001"/>
  <testcase classname="packageTwo.PackageTwo_ClassTwo" name="methonFive" time="0.001"/>
</testsuite> <!-- Test -->
