<?xml version="1.0" encoding="UTF-8"?>
<!-- Generated by org.testng.reporters.JUnitXMLReporter -->
<testsuite hostname="DESKTOP-UAU9ODK" ignored="0" name="Default test" tests="5" failures="0" timestamp="2021-11-11T17:40:58 IST" time="0.078" errors="0">
  <testcase name="MVNDEmo_MethodFive" time="0.011" classname="orange.MVNDemo"/>
  <testcase name="MVNDEmo_MethodFour" time="0.002" classname="orange.MVNDemo"/>
  <testcase name="MVNDEmo_MethodOne" time="0.004" classname="orange.MVNDemo"/>
  <testcase name="MVNDEmo_MethodThree" time="0.002" classname="orange.MVNDemo"/>
  <testcase name="MVNDEmo_MethodTwo" time="0.002" classname="orange.MVNDemo"/>
</testsuite> <!-- Default test -->
