<?xml version="1.0" encoding="UTF-8"?>
<!-- Generated by org.testng.reporters.JUnitXMLReporter -->
<testsuite ignored="0" hostname="PITTALA-DEV-L" failures="0" tests="3" name="Default test" time="3.441" errors="0" timestamp="2022-06-07T20:53:17 IST">
  <testcase classname="dataDriverTest.TC008_DD_GET_Request_DataProvider" name="AddUsers" time="2.043"/>
  <testcase classname="dataDriverTest.TC008_DD_GET_Request_DataProvider" name="AddUsers" time="0.412"/>
  <testcase classname="dataDriverTest.TC008_DD_GET_Request_DataProvider" name="AddUsers" time="0.387"/>
</testsuite> <!-- Default test -->
