<?xml version="1.0" encoding="UTF-8"?>
<!-- Generated by org.testng.reporters.JUnitXMLReporter -->
<testsuite hostname="SPITTALA-DEV-L" ignored="0" name="Test" tests="5" failures="0" timestamp="2022-04-11T13:21:27 IST" time="0.036" errors="0">
  <testcase name="MVNDEmo_MethodFive" time="0.005" classname="orange.MVNDemo"/>
  <testcase name="MVNDEmo_MethodFour" time="0.001" classname="orange.MVNDemo"/>
  <testcase name="MVNDEmo_MethodOne" time="0.0" classname="orange.MVNDemo"/>
  <testcase name="MVNDEmo_MethodThree" time="0.001" classname="orange.MVNDemo"/>
  <testcase name="MVNDEmo_MethodTwo" time="0.001" classname="orange.MVNDemo"/>
</testsuite> <!-- Test -->
