<?xml version="1.0" encoding="UTF-8"?>
<testsuite xmlns:xsi="http://www.w3.org/2001/XMLSchema-instance" xsi:noNamespaceSchemaLocation="https://maven.apache.org/surefire/maven-surefire-plugin/xsd/surefire-test-report-3.0.xsd" version="3.0" name="TestSuite" time="84.629" tests="25" errors="0" skipped="0" failures="0">
  <properties>
[...]
</properties>
  <testcase name="ClassOneMethod1" classname="testPack.SGDClassOne" time="14.635">
    <system-out><![CDATA[Google
]]></system-out>
    <system-err><![CDATA[Nov 18, 2021 6:38:43 PM org.openqa.selenium.remote.ProtocolHandshake createSession
INFO: Detected dialect: W3C
Nov 18, 2021 6:38:43 PM org.openqa.selenium.remote.ProtocolHandshake createSession
INFO: Detected dialect: W3C
Nov 18, 2021 6:38:43 PM org.openqa.selenium.remote.ProtocolHandshake createSession
INFO: Detected dialect: W3C
Nov 18, 2021 6:38:43 PM org.openqa.selenium.remote.ProtocolHandshake createSession
INFO: Detected dialect: W3C
Nov 18, 2021 6:38:43 PM org.openqa.selenium.remote.ProtocolHandshake createSession
INFO: Detected dialect: W3C
]]></system-err>
  </testcase>
  <testcase name="ClassOneMethod4" classname="testPack.SGDClassOne" time="1.053">
    <system-out><![CDATA[Google
Google
Google
Google
]]></system-out>
  </testcase>
  <testcase name="ClassOneMethod5" classname="testPack.SGDClassOne" time="0.218"/>
  <testcase name="ClassOneMethod2" classname="testPack.SGDClassOne" time="0.153"/>
  <testcase name="ClassOneMethod3" classname="testPack.SGDClassOne" time="0.431"/>
  <testcase name="ClassTwoMethod2" classname="testPack.SGDClassTwo" time="12.72">
    <system-out><![CDATA[Google
Google
Google
]]></system-out>
    <system-err><![CDATA[Nov 18, 2021 6:38:55 PM org.openqa.selenium.remote.ProtocolHandshake createSession
INFO: Detected dialect: W3C
Nov 18, 2021 6:38:55 PM org.openqa.selenium.remote.ProtocolHandshake createSession
INFO: Detected dialect: W3C
Nov 18, 2021 6:38:57 PM org.openqa.selenium.remote.ProtocolHandshake createSession
INFO: Detected dialect: W3C
Nov 18, 2021 6:39:00 PM org.openqa.selenium.remote.ProtocolHandshake createSession
INFO: Detected dialect: W3C
Nov 18, 2021 6:39:02 PM org.openqa.selenium.remote.ProtocolHandshake createSession
INFO: Detected dialect: W3C
]]></system-err>
  </testcase>
  <testcase name="ClassTwoMethod3" classname="testPack.SGDClassTwo" time="3.474">
    <system-out><![CDATA[Google
Google
]]></system-out>
  </testcase>
  <testcase name="ClassTwoMethod1" classname="testPack.SGDClassTwo" time="0.713">
    <system-err><![CDATA[Nov 18, 2021 6:39:08 PM org.openqa.selenium.remote.ProtocolHandshake createSession
INFO: Detected dialect: W3C
]]></system-err>
  </testcase>
  <testcase name="ClassTwoMethod5" classname="testPack.SGDClassTwo" time="2.903"/>
  <testcase name="ClassTwoMethod4" classname="testPack.SGDClassTwo" time="0.066"/>
  <testcase name="ClassThreeMethod1" classname="testPack.SGDClassThree" time="6.992">
    <system-out><![CDATA[Google
Google
]]></system-out>
    <system-err><![CDATA[Nov 18, 2021 6:39:11 PM org.openqa.selenium.remote.ProtocolHandshake createSession
INFO: Detected dialect: W3C
Nov 18, 2021 6:39:14 PM org.openqa.selenium.remote.ProtocolHandshake createSession
INFO: Detected dialect: W3C
]]></system-err>
  </testcase>
  <testcase name="ClassThreeMethod2" classname="testPack.SGDClassThree" time="1.976">
    <system-err><![CDATA[Nov 18, 2021 6:39:18 PM org.openqa.selenium.remote.ProtocolHandshake createSession
INFO: Detected dialect: W3C
Nov 18, 2021 6:39:19 PM org.openqa.selenium.remote.ProtocolHandshake createSession
INFO: Detected dialect: W3C
]]></system-err>
  </testcase>
  <testcase name="ClassThreeMethod4" classname="testPack.SGDClassThree" time="4.082">
    <system-out><![CDATA[Google
Google
]]></system-out>
    <system-err><![CDATA[Nov 18, 2021 6:39:24 PM org.openqa.selenium.remote.ProtocolHandshake createSession
INFO: Detected dialect: W3C
]]></system-err>
  </testcase>
  <testcase name="ClassThreeMethod3" classname="testPack.SGDClassThree" time="1.551">
    <system-out><![CDATA[Google
]]></system-out>
  </testcase>
  <testcase name="ClassThreeMethod5" classname="testPack.SGDClassThree" time="2.167">
    <system-out><![CDATA[Google
]]></system-out>
    <system-err><![CDATA[Nov 18, 2021 6:39:33 PM org.openqa.selenium.remote.ProtocolHandshake createSession
INFO: Detected dialect: W3C
]]></system-err>
  </testcase>
  <testcase name="ClassFourMethod1" classname="testPack.SGDClassFour" time="5.708">
    <system-out><![CDATA[Google
Google
]]></system-out>
    <system-err><![CDATA[Nov 18, 2021 6:39:26 PM org.openqa.selenium.remote.ProtocolHandshake createSession
INFO: Detected dialect: W3C
Nov 18, 2021 6:39:29 PM org.openqa.selenium.remote.ProtocolHandshake createSession
INFO: Detected dialect: W3C
]]></system-err>
  </testcase>
  <testcase name="ClassFourMethod3" classname="testPack.SGDClassFour" time="3.094">
    <system-err><![CDATA[Nov 18, 2021 6:39:36 PM org.openqa.selenium.remote.ProtocolHandshake createSession
INFO: Detected dialect: W3C
]]></system-err>
  </testcase>
  <testcase name="ClassFourMethod2" classname="testPack.SGDClassFour" time="0.302"/>
  <testcase name="ClassFourMethod4" classname="testPack.SGDClassFour" time="2.727">
    <system-out><![CDATA[Google
]]></system-out>
    <system-err><![CDATA[Nov 18, 2021 6:39:39 PM org.openqa.selenium.remote.ProtocolHandshake createSession
INFO: Detected dialect: W3C
]]></system-err>
  </testcase>
  <testcase name="ClassFourMethod5" classname="testPack.SGDClassFour" time="4.409">
    <system-out><![CDATA[Google
]]></system-out>
    <system-err><![CDATA[Nov 18, 2021 6:39:43 PM org.openqa.selenium.remote.ProtocolHandshake createSession
INFO: Detected dialect: W3C
]]></system-err>
  </testcase>
  <testcase name="ClassFiveMethod1" classname="testPack.SGDClassFive" time="3.873">
    <system-out><![CDATA[Google
]]></system-out>
    <system-err><![CDATA[Nov 18, 2021 6:39:47 PM org.openqa.selenium.remote.ProtocolHandshake createSession
INFO: Detected dialect: W3C
Nov 18, 2021 6:39:48 PM org.openqa.selenium.remote.ProtocolHandshake createSession
INFO: Detected dialect: W3C
]]></system-err>
  </testcase>
  <testcase name="ClassFiveMethod2" classname="testPack.SGDClassFive" time="10.63">
    <system-out><![CDATA[Google
Google
]]></system-out>
    <system-err><![CDATA[Nov 18, 2021 6:39:53 PM org.openqa.selenium.remote.ProtocolHandshake createSession
INFO: Detected dialect: W3C
]]></system-err>
  </testcase>
  <testcase name="ClassFiveMethod3" classname="testPack.SGDClassFive" time="11.129">
    <system-out><![CDATA[Google
]]></system-out>
  </testcase>
  <testcase name="ClassFiveMethod4" classname="testPack.SGDClassFive" time="11.26"/>
  <testcase name="ClassFiveMethod5" classname="testPack.SGDClassFive" time="13.309">
    <system-out><![CDATA[Google
]]></system-out>
  </testcase>
</testsuite>