<?xml version="1.0" encoding="UTF-8"?>
<!-- Generated by org.testng.reporters.JUnitXMLReporter -->
<testsuite hostname="DESKTOP-UAU9ODK" name="Test" tests="25" failures="0" timestamp="18 Nov 2021 13:09:57 GMT" time="82.715" errors="0">
  <testcase name="ClassOneMethod1" time="14.616" classname="testPack.SGDClassOne"/>
  <testcase name="ClassOneMethod4" time="15.695" classname="testPack.SGDClassOne"/>
  <testcase name="ClassOneMethod5" time="15.914" classname="testPack.SGDClassOne"/>
  <testcase name="ClassOneMethod2" time="16.068" classname="testPack.SGDClassOne"/>
  <testcase name="ClassOneMethod3" time="16.5" classname="testPack.SGDClassOne"/>
  <testcase name="ClassTwoMethod2" time="13.52" classname="testPack.SGDClassTwo"/>
  <testcase name="ClassTwoMethod3" time="16.776" classname="testPack.SGDClassTwo"/>
  <testcase name="ClassTwoMethod1" time="18.786" classname="testPack.SGDClassTwo"/>
  <testcase name="ClassTwoMethod5" time="19.806" classname="testPack.SGDClassTwo"/>
  <testcase name="ClassTwoMethod4" time="20.293" classname="testPack.SGDClassTwo"/>
  <testcase name="ClassThreeMethod1" time="14.149" classname="testPack.SGDClassThree"/>
  <testcase name="ClassThreeMethod2" time="12.642" classname="testPack.SGDClassThree"/>
  <testcase name="ClassThreeMethod4" time="13.113" classname="testPack.SGDClassThree"/>
  <testcase name="ClassThreeMethod3" time="17.562" classname="testPack.SGDClassThree"/>
  <testcase name="ClassFourMethod1" time="13.312" classname="testPack.SGDClassFour"/>
  <testcase name="ClassThreeMethod5" time="22.482" classname="testPack.SGDClassThree"/>
  <testcase name="ClassFourMethod3" time="12.519" classname="testPack.SGDClassFour"/>
  <testcase name="ClassFourMethod2" time="16.911" classname="testPack.SGDClassFour"/>
  <testcase name="ClassFourMethod4" time="14.001" classname="testPack.SGDClassFour"/>
  <testcase name="ClassFourMethod5" time="12.689" classname="testPack.SGDClassFour"/>
  <testcase name="ClassFiveMethod1" time="14.407" classname="testPack.SGDClassFive"/>
  <testcase name="ClassFiveMethod2" time="18.069" classname="testPack.SGDClassFive"/>
  <testcase name="ClassFiveMethod3" time="18.263" classname="testPack.SGDClassFive"/>
  <testcase name="ClassFiveMethod4" time="15.675" classname="testPack.SGDClassFive"/>
  <testcase name="ClassFiveMethod5" time="13.322" classname="testPack.SGDClassFive"/>
</testsuite> <!-- Test -->
