-------------------------------------------------------------------------------
Test set: Login
-------------------------------------------------------------------------------
Tests run: 3, Failures: 0, Errors: 3, Skipped: 0, Time elapsed: 0.598 s <<< FAILURE! - in Login
Login.Successful Login with Valid Credentials  Time elapsed: 0.514 s  <<< ERROR!
io.cucumber.junit.UndefinedStepException: 
The step "User Launch Chrome browser" is undefined. You can implement it using the snippet(s) below:

@Given("User Launch Chrome browser")
public void user_launch_chrome_browser() {
    // Write code here that turns the phrase above into concrete actions
    throw new io.cucumber.java.PendingException();
}


Some other steps were also undefined:

@When("User opens URL {string}")
public void user_opens_url(String string) {
    // Write code here that turns the phrase above into concrete actions
    throw new io.cucumber.java.PendingException();
}
@When("User enters Email as {string} and Password as {string}")
public void user_enters_email_as_and_password_as(String string, String string2) {
    // Write code here that turns the phrase above into concrete actions
    throw new io.cucumber.java.PendingException();
}
@When("Click on Login")
public void click_on_login() {
    // Write code here that turns the phrase above into concrete actions
    throw new io.cucumber.java.PendingException();
}
@Then("Page Title should be {string}")
public void page_title_should_be(String string) {
    // Write code here that turns the phrase above into concrete actions
    throw new io.cucumber.java.PendingException();
}
@When("User click on Log out link")
public void user_click_on_log_out_link() {
    // Write code here that turns the phrase above into concrete actions
    throw new io.cucumber.java.PendingException();
}
@Then("close browser")
public void close_browser() {
    // Write code here that turns the phrase above into concrete actions
    throw new io.cucumber.java.PendingException();
}


Login.DataDrivern testing with login functionality #1  Time elapsed: 0.044 s  <<< ERROR!
io.cucumber.junit.UndefinedStepException: 
The step "User Launch Chrome browser" is undefined. You can implement it using the snippet(s) below:

@Given("User Launch Chrome browser")
public void user_launch_chrome_browser() {
    // Write code here that turns the phrase above into concrete actions
    throw new io.cucumber.java.PendingException();
}


Some other steps were also undefined:

@When("User opens URL {string}")
public void user_opens_url(String string) {
    // Write code here that turns the phrase above into concrete actions
    throw new io.cucumber.java.PendingException();
}
@When("User enters Email as {string} and Password as {string}")
public void user_enters_email_as_and_password_as(String string, String string2) {
    // Write code here that turns the phrase above into concrete actions
    throw new io.cucumber.java.PendingException();
}
@When("Click on Login")
public void click_on_login() {
    // Write code here that turns the phrase above into concrete actions
    throw new io.cucumber.java.PendingException();
}
@Then("Page Title should be {string}")
public void page_title_should_be(String string) {
    // Write code here that turns the phrase above into concrete actions
    throw new io.cucumber.java.PendingException();
}
@When("User click on Log out link")
public void user_click_on_log_out_link() {
    // Write code here that turns the phrase above into concrete actions
    throw new io.cucumber.java.PendingException();
}
@Then("close browser")
public void close_browser() {
    // Write code here that turns the phrase above into concrete actions
    throw new io.cucumber.java.PendingException();
}


Login.DataDrivern testing with login functionality #2  Time elapsed: 0.013 s  <<< ERROR!
io.cucumber.junit.UndefinedStepException: 
The step "User Launch Chrome browser" is undefined. You can implement it using the snippet(s) below:

@Given("User Launch Chrome browser")
public void user_launch_chrome_browser() {
    // Write code here that turns the phrase above into concrete actions
    throw new io.cucumber.java.PendingException();
}


Some other steps were also undefined:

@When("User opens URL {string}")
public void user_opens_url(String string) {
    // Write code here that turns the phrase above into concrete actions
    throw new io.cucumber.java.PendingException();
}
@When("User enters Email as {string} and Password as {string}")
public void user_enters_email_as_and_password_as(String string, String string2) {
    // Write code here that turns the phrase above into concrete actions
    throw new io.cucumber.java.PendingException();
}
@When("Click on Login")
public void click_on_login() {
    // Write code here that turns the phrase above into concrete actions
    throw new io.cucumber.java.PendingException();
}
@Then("Page Title should be {string}")
public void page_title_should_be(String string) {
    // Write code here that turns the phrase above into concrete actions
    throw new io.cucumber.java.PendingException();
}
@When("User click on Log out link")
public void user_click_on_log_out_link() {
    // Write code here that turns the phrase above into concrete actions
    throw new io.cucumber.java.PendingException();
}
@Then("close browser")
public void close_browser() {
    // Write code here that turns the phrase above into concrete actions
    throw new io.cucumber.java.PendingException();
}


