<?xml version="1.0" encoding="UTF-8"?>
<testsuite xmlns:xsi="http://www.w3.org/2001/XMLSchema-instance" xsi:noNamespaceSchemaLocation="https://maven.apache.org/surefire/maven-surefire-plugin/xsd/surefire-test-report-3.0.xsd" version="3.0" name="Login" time="0.598" tests="3" errors="3" skipped="0" failures="0">
  <properties>
[...]
</properties>
  <testcase name="Successful Login with Valid Credentials" classname="Login" time="0.514">
    <error message="The step &quot;User Launch Chrome browser&quot; is undefined. You can implement it using the snippet(s) below:&#10;&#10;@Given(&quot;User Launch Chrome browser&quot;)&#10;public void user_launch_chrome_browser() {&#10;    // Write code here that turns the phrase above into concrete actions&#10;    throw new io.cucumber.java.PendingException();&#10;}&#10;&#10;&#10;Some other steps were also undefined:&#10;&#10;@When(&quot;User opens URL {string}&quot;)&#10;public void user_opens_url(String string) {&#10;    // Write code here that turns the phrase above into concrete actions&#10;    throw new io.cucumber.java.PendingException();&#10;}&#10;@When(&quot;User enters Email as {string} and Password as {string}&quot;)&#10;public void user_enters_email_as_and_password_as(String string, String string2) {&#10;    // Write code here that turns the phrase above into concrete actions&#10;    throw new io.cucumber.java.PendingException();&#10;}&#10;@When(&quot;Click on Login&quot;)&#10;public void click_on_login() {&#10;    // Write code here that turns the phrase above into concrete actions&#10;    throw new io.cucumber.java.PendingException();&#10;}&#10;@Then(&quot;Page Title should be {string}&quot;)&#10;public void page_title_should_be(String string) {&#10;    // Write code here that turns the phrase above into concrete actions&#10;    throw new io.cucumber.java.PendingException();&#10;}&#10;@When(&quot;User click on Log out link&quot;)&#10;public void user_click_on_log_out_link() {&#10;    // Write code here that turns the phrase above into concrete actions&#10;    throw new io.cucumber.java.PendingException();&#10;}&#10;@Then(&quot;close browser&quot;)&#10;public void close_browser() {&#10;    // Write code here that turns the phrase above into concrete actions&#10;    throw new io.cucumber.java.PendingException();&#10;}&#10;" type="io.cucumber.junit.UndefinedStepException"><![CDATA[io.cucumber.junit.UndefinedStepException: 
The step "User Launch Chrome browser" is undefined. You can implement it using the snippet(s) below:

@Given("User Launch Chrome browser")
public void user_launch_chrome_browser() {
    // Write code here that turns the phrase above into concrete actions
    throw new io.cucumber.java.PendingException();
}


Some other steps were also undefined:

@When("User opens URL {string}")
public void user_opens_url(String string) {
    // Write code here that turns the phrase above into concrete actions
    throw new io.cucumber.java.PendingException();
}
@When("User enters Email as {string} and Password as {string}")
public void user_enters_email_as_and_password_as(String string, String string2) {
    // Write code here that turns the phrase above into concrete actions
    throw new io.cucumber.java.PendingException();
}
@When("Click on Login")
public void click_on_login() {
    // Write code here that turns the phrase above into concrete actions
    throw new io.cucumber.java.PendingException();
}
@Then("Page Title should be {string}")
public void page_title_should_be(String string) {
    // Write code here that turns the phrase above into concrete actions
    throw new io.cucumber.java.PendingException();
}
@When("User click on Log out link")
public void user_click_on_log_out_link() {
    // Write code here that turns the phrase above into concrete actions
    throw new io.cucumber.java.PendingException();
}
@Then("close browser")
public void close_browser() {
    // Write code here that turns the phrase above into concrete actions
    throw new io.cucumber.java.PendingException();
}

]]></error>
  </testcase>
  <testcase name="DataDrivern testing with login functionality #1" classname="Login" time="0.044">
    <error message="The step &quot;User Launch Chrome browser&quot; is undefined. You can implement it using the snippet(s) below:&#10;&#10;@Given(&quot;User Launch Chrome browser&quot;)&#10;public void user_launch_chrome_browser() {&#10;    // Write code here that turns the phrase above into concrete actions&#10;    throw new io.cucumber.java.PendingException();&#10;}&#10;&#10;&#10;Some other steps were also undefined:&#10;&#10;@When(&quot;User opens URL {string}&quot;)&#10;public void user_opens_url(String string) {&#10;    // Write code here that turns the phrase above into concrete actions&#10;    throw new io.cucumber.java.PendingException();&#10;}&#10;@When(&quot;User enters Email as {string} and Password as {string}&quot;)&#10;public void user_enters_email_as_and_password_as(String string, String string2) {&#10;    // Write code here that turns the phrase above into concrete actions&#10;    throw new io.cucumber.java.PendingException();&#10;}&#10;@When(&quot;Click on Login&quot;)&#10;public void click_on_login() {&#10;    // Write code here that turns the phrase above into concrete actions&#10;    throw new io.cucumber.java.PendingException();&#10;}&#10;@Then(&quot;Page Title should be {string}&quot;)&#10;public void page_title_should_be(String string) {&#10;    // Write code here that turns the phrase above into concrete actions&#10;    throw new io.cucumber.java.PendingException();&#10;}&#10;@When(&quot;User click on Log out link&quot;)&#10;public void user_click_on_log_out_link() {&#10;    // Write code here that turns the phrase above into concrete actions&#10;    throw new io.cucumber.java.PendingException();&#10;}&#10;@Then(&quot;close browser&quot;)&#10;public void close_browser() {&#10;    // Write code here that turns the phrase above into concrete actions&#10;    throw new io.cucumber.java.PendingException();&#10;}&#10;" type="io.cucumber.junit.UndefinedStepException"><![CDATA[io.cucumber.junit.UndefinedStepException: 
The step "User Launch Chrome browser" is undefined. You can implement it using the snippet(s) below:

@Given("User Launch Chrome browser")
public void user_launch_chrome_browser() {
    // Write code here that turns the phrase above into concrete actions
    throw new io.cucumber.java.PendingException();
}


Some other steps were also undefined:

@When("User opens URL {string}")
public void user_opens_url(String string) {
    // Write code here that turns the phrase above into concrete actions
    throw new io.cucumber.java.PendingException();
}
@When("User enters Email as {string} and Password as {string}")
public void user_enters_email_as_and_password_as(String string, String string2) {
    // Write code here that turns the phrase above into concrete actions
    throw new io.cucumber.java.PendingException();
}
@When("Click on Login")
public void click_on_login() {
    // Write code here that turns the phrase above into concrete actions
    throw new io.cucumber.java.PendingException();
}
@Then("Page Title should be {string}")
public void page_title_should_be(String string) {
    // Write code here that turns the phrase above into concrete actions
    throw new io.cucumber.java.PendingException();
}
@When("User click on Log out link")
public void user_click_on_log_out_link() {
    // Write code here that turns the phrase above into concrete actions
    throw new io.cucumber.java.PendingException();
}
@Then("close browser")
public void close_browser() {
    // Write code here that turns the phrase above into concrete actions
    throw new io.cucumber.java.PendingException();
}

]]></error>
  </testcase>
  <testcase name="DataDrivern testing with login functionality #2" classname="Login" time="0.013">
    <error message="The step &quot;User Launch Chrome browser&quot; is undefined. You can implement it using the snippet(s) below:&#10;&#10;@Given(&quot;User Launch Chrome browser&quot;)&#10;public void user_launch_chrome_browser() {&#10;    // Write code here that turns the phrase above into concrete actions&#10;    throw new io.cucumber.java.PendingException();&#10;}&#10;&#10;&#10;Some other steps were also undefined:&#10;&#10;@When(&quot;User opens URL {string}&quot;)&#10;public void user_opens_url(String string) {&#10;    // Write code here that turns the phrase above into concrete actions&#10;    throw new io.cucumber.java.PendingException();&#10;}&#10;@When(&quot;User enters Email as {string} and Password as {string}&quot;)&#10;public void user_enters_email_as_and_password_as(String string, String string2) {&#10;    // Write code here that turns the phrase above into concrete actions&#10;    throw new io.cucumber.java.PendingException();&#10;}&#10;@When(&quot;Click on Login&quot;)&#10;public void click_on_login() {&#10;    // Write code here that turns the phrase above into concrete actions&#10;    throw new io.cucumber.java.PendingException();&#10;}&#10;@Then(&quot;Page Title should be {string}&quot;)&#10;public void page_title_should_be(String string) {&#10;    // Write code here that turns the phrase above into concrete actions&#10;    throw new io.cucumber.java.PendingException();&#10;}&#10;@When(&quot;User click on Log out link&quot;)&#10;public void user_click_on_log_out_link() {&#10;    // Write code here that turns the phrase above into concrete actions&#10;    throw new io.cucumber.java.PendingException();&#10;}&#10;@Then(&quot;close browser&quot;)&#10;public void close_browser() {&#10;    // Write code here that turns the phrase above into concrete actions&#10;    throw new io.cucumber.java.PendingException();&#10;}&#10;" type="io.cucumber.junit.UndefinedStepException"><![CDATA[io.cucumber.junit.UndefinedStepException: 
The step "User Launch Chrome browser" is undefined. You can implement it using the snippet(s) below:

@Given("User Launch Chrome browser")
public void user_launch_chrome_browser() {
    // Write code here that turns the phrase above into concrete actions
    throw new io.cucumber.java.PendingException();
}


Some other steps were also undefined:

@When("User opens URL {string}")
public void user_opens_url(String string) {
    // Write code here that turns the phrase above into concrete actions
    throw new io.cucumber.java.PendingException();
}
@When("User enters Email as {string} and Password as {string}")
public void user_enters_email_as_and_password_as(String string, String string2) {
    // Write code here that turns the phrase above into concrete actions
    throw new io.cucumber.java.PendingException();
}
@When("Click on Login")
public void click_on_login() {
    // Write code here that turns the phrase above into concrete actions
    throw new io.cucumber.java.PendingException();
}
@Then("Page Title should be {string}")
public void page_title_should_be(String string) {
    // Write code here that turns the phrase above into concrete actions
    throw new io.cucumber.java.PendingException();
}
@When("User click on Log out link")
public void user_click_on_log_out_link() {
    // Write code here that turns the phrase above into concrete actions
    throw new io.cucumber.java.PendingException();
}
@Then("close browser")
public void close_browser() {
    // Write code here that turns the phrase above into concrete actions
    throw new io.cucumber.java.PendingException();
}

]]></error>
  </testcase>
</testsuite>