<?xml version="1.0" encoding="UTF-8"?>
<testng-results skipped="0" failed="0" ignored="0" total="5" passed="5">
  <reporter-output>
  </reporter-output>
  <suite name="Suite" duration-ms="25" started-at="2022-04-11T14:32:04 IST" finished-at="2022-04-11T14:32:04 IST">
    <groups>
    </groups>
    <test name="Test" duration-ms="25" started-at="2022-04-11T14:32:04 IST" finished-at="2022-04-11T14:32:04 IST">
      <class name="orange.MVNDemo">
        <test-method status="PASS" signature="MVNDEmo_MethodFive()[pri:0, instance:orange.MVNDemo@5a1c0542]" name="MVNDEmo_MethodFive" duration-ms="2" started-at="2022-04-11T14:32:04 IST" finished-at="2022-04-11T14:32:04 IST">
          <reporter-output>
          </reporter-output>
        </test-method> <!-- MVNDEmo_MethodFive -->
        <test-method status="PASS" signature="MVNDEmo_MethodFour()[pri:0, instance:orange.MVNDemo@5a1c0542]" name="MVNDEmo_MethodFour" duration-ms="1" started-at="2022-04-11T14:32:04 IST" finished-at="2022-04-11T14:32:04 IST">
          <reporter-output>
          </reporter-output>
        </test-method> <!-- MVNDEmo_MethodFour -->
        <test-method status="PASS" signature="MVNDEmo_MethodOne()[pri:0, instance:orange.MVNDemo@5a1c0542]" name="MVNDEmo_MethodOne" duration-ms="0" started-at="2022-04-11T14:32:04 IST" finished-at="2022-04-11T14:32:04 IST">
          <reporter-output>
          </reporter-output>
        </test-method> <!-- MVNDEmo_MethodOne -->
        <test-method status="PASS" signature="MVNDEmo_MethodThree()[pri:0, instance:orange.MVNDemo@5a1c0542]" name="MVNDEmo_MethodThree" duration-ms="1" started-at="2022-04-11T14:32:04 IST" finished-at="2022-04-11T14:32:04 IST">
          <reporter-output>
          </reporter-output>
        </test-method> <!-- MVNDEmo_MethodThree -->
        <test-method status="PASS" signature="MVNDEmo_MethodTwo()[pri:0, instance:orange.MVNDemo@5a1c0542]" name="MVNDEmo_MethodTwo" duration-ms="0" started-at="2022-04-11T14:32:04 IST" finished-at="2022-04-11T14:32:04 IST">
          <reporter-output>
          </reporter-output>
        </test-method> <!-- MVNDEmo_MethodTwo -->
      </class> <!-- orange.MVNDemo -->
    </test> <!-- Test -->
  </suite> <!-- Suite -->
</testng-results>
