<?xml version="1.0" encoding="UTF-8"?>
<testsuite xmlns:xsi="http://www.w3.org/2001/XMLSchema-instance" xsi:noNamespaceSchemaLocation="https://maven.apache.org/surefire/maven-surefire-plugin/xsd/surefire-test-report-3.0.xsd" version="3.0" name="TestSuite" time="1.092" tests="5" errors="0" skipped="0" failures="0">
  <properties>
[...]
</properties>
  <testcase name="MVNDEmo_MethodFive" classname="orange.MVNDemo" time="0.014">
    <system-out><![CDATA[Method-five
]]></system-out>
  </testcase>
  <testcase name="MVNDEmo_MethodFour" classname="orange.MVNDemo" time="0.001">
    <system-out><![CDATA[Method-four
]]></system-out>
  </testcase>
  <testcase name="MVNDEmo_MethodOne" classname="orange.MVNDemo" time="0.001">
    <system-out><![CDATA[Method-one
]]></system-out>
  </testcase>
  <testcase name="MVNDEmo_MethodThree" classname="orange.MVNDemo" time="0.002">
    <system-out><![CDATA[Method-three
]]></system-out>
  </testcase>
  <testcase name="MVNDEmo_MethodTwo" classname="orange.MVNDemo" time="0.004">
    <system-out><![CDATA[Method-two
]]></system-out>
  </testcase>
</testsuite>